<?xml version="1.0" encoding="UTF-8"?>
<testsuite name="pascal.taie.analysis.graph.callgraph.cha.CHATest" tests="4" skipped="0" failures="0" errors="0" timestamp="2024-11-10T01:29:00" hostname="Zhanpengs-MacBook-Air-4.local" time="7.988">
  <properties/>
  <testcase name="testVirtualCall" classname="pascal.taie.analysis.graph.callgraph.cha.CHATest" time="2.392"/>
  <testcase name="testStaticCall" classname="pascal.taie.analysis.graph.callgraph.cha.CHATest" time="1.793"/>
  <testcase name="testAbstractMethod" classname="pascal.taie.analysis.graph.callgraph.cha.CHATest" time="2.114"/>
  <testcase name="testInterface" classname="pascal.taie.analysis.graph.callgraph.cha.CHATest" time="1.688"/>
  <system-out><![CDATA[Tai-e starts ...
Writing options to output/options.yml
Writing analysis plan to output/tai-e-plan.yml
WorldBuilder starts ...
9989 classes with 98551 methods in the world
WorldBuilder finishes, elapsed time: 2.10s
cg starts ...
cg finishes, elapsed time: 0.05s
process-result starts ...
process-result finishes, elapsed time: 0.01s
Tai-e finishes, elapsed time: 2.23s
Tai-e starts ...
Writing options to output/options.yml
Writing analysis plan to output/tai-e-plan.yml
WorldBuilder starts ...
9986 classes with 98548 methods in the world
WorldBuilder finishes, elapsed time: 1.78s
cg starts ...
cg finishes, elapsed time: 0.00s
process-result starts ...
process-result finishes, elapsed time: 0.00s
Tai-e finishes, elapsed time: 1.79s
Tai-e starts ...
Writing options to output/options.yml
Writing analysis plan to output/tai-e-plan.yml
WorldBuilder starts ...
9986 classes with 98546 methods in the world
WorldBuilder finishes, elapsed time: 2.09s
cg starts ...
cg finishes, elapsed time: 0.01s
process-result starts ...
process-result finishes, elapsed time: 0.00s
Tai-e finishes, elapsed time: 2.11s
Tai-e starts ...
Writing options to output/options.yml
Writing analysis plan to output/tai-e-plan.yml
WorldBuilder starts ...
9988 classes with 98549 methods in the world
WorldBuilder finishes, elapsed time: 1.66s
cg starts ...
cg finishes, elapsed time: 0.01s
process-result starts ...
process-result finishes, elapsed time: 0.00s
Tai-e finishes, elapsed time: 1.69s
]]></system-out>
  <system-err><![CDATA[]]></system-err>
</testsuite>
