<?xml version="1.0" encoding="UTF-8"?>
<testsuite name="pascal.taie.analysis.dataflow.analysis.DeadCodeTest" tests="5" skipped="0" failures="0" errors="0" timestamp="2024-11-03T01:30:25" hostname="Zhanpengs-MacBook-Air-4.local" time="8.817">
  <properties/>
  <testcase name="testLoops" classname="pascal.taie.analysis.dataflow.analysis.DeadCodeTest" time="2.261"/>
  <testcase name="testDeadAssignment" classname="pascal.taie.analysis.dataflow.analysis.DeadCodeTest" time="2.134"/>
  <testcase name="testControlFlowUnreachable" classname="pascal.taie.analysis.dataflow.analysis.DeadCodeTest" time="1.539"/>
  <testcase name="testUnreachableSwitchBranch" classname="pascal.taie.analysis.dataflow.analysis.DeadCodeTest" time="1.431"/>
  <testcase name="testUnreachableIfBranch" classname="pascal.taie.analysis.dataflow.analysis.DeadCodeTest" time="1.452"/>
  <system-out><![CDATA[Tai-e starts ...
Writing options to output/options.yml
Writing analysis plan to output/tai-e-plan.yml
WorldBuilder starts ...
Warning: main class 'Loops' does not have main(String[]) method!
9984 classes with 98544 methods in the world
WorldBuilder finishes, elapsed time: 1.99s
throw starts ...
1 classes in scope (app) of class analyses
4 methods in scope (app) of method analyses
throw finishes, elapsed time: 0.01s
cfg starts ...
cfg finishes, elapsed time: 0.00s
constprop starts ...
done
done
done
done
constprop finishes, elapsed time: 0.00s
livevar starts ...
done
done
done
done
livevar finishes, elapsed time: 0.00s
deadcode starts ...
deadcode finishes, elapsed time: 0.00s
process-result starts ...
process-result finishes, elapsed time: 0.01s
Tai-e finishes, elapsed time: 2.10s
Tai-e starts ...
Writing options to output/options.yml
Writing analysis plan to output/tai-e-plan.yml
WorldBuilder starts ...
Warning: main class 'DeadAssignment' does not have main(String[]) method!
9984 classes with 98543 methods in the world
WorldBuilder finishes, elapsed time: 2.12s
throw starts ...
1 classes in scope (app) of class analyses
3 methods in scope (app) of method analyses
throw finishes, elapsed time: 0.00s
cfg starts ...
cfg finishes, elapsed time: 0.00s
constprop starts ...
done
done
done
constprop finishes, elapsed time: 0.00s
livevar starts ...
done
done
done
livevar finishes, elapsed time: 0.00s
deadcode starts ...
deadcode finishes, elapsed time: 0.00s
process-result starts ...
process-result finishes, elapsed time: 0.00s
Tai-e finishes, elapsed time: 2.13s
Tai-e starts ...
Writing options to output/options.yml
Writing analysis plan to output/tai-e-plan.yml
WorldBuilder starts ...
Warning: main class 'ControlFlowUnreachable' does not have main(String[]) method!
9984 classes with 98543 methods in the world
WorldBuilder finishes, elapsed time: 1.53s
throw starts ...
1 classes in scope (app) of class analyses
3 methods in scope (app) of method analyses
throw finishes, elapsed time: 0.00s
cfg starts ...
cfg finishes, elapsed time: 0.00s
constprop starts ...
done
done
done
constprop finishes, elapsed time: 0.00s
livevar starts ...
done
done
done
livevar finishes, elapsed time: 0.00s
deadcode starts ...
deadcode finishes, elapsed time: 0.00s
process-result starts ...
process-result finishes, elapsed time: 0.00s
Tai-e finishes, elapsed time: 1.54s
Tai-e starts ...
Writing options to output/options.yml
Writing analysis plan to output/tai-e-plan.yml
WorldBuilder starts ...
Warning: main class 'UnreachableSwitchBranch' does not have main(String[]) method!
9984 classes with 98548 methods in the world
WorldBuilder finishes, elapsed time: 1.40s
throw starts ...
1 classes in scope (app) of class analyses
8 methods in scope (app) of method analyses
throw finishes, elapsed time: 0.01s
cfg starts ...
cfg finishes, elapsed time: 0.00s
constprop starts ...
done
done
done
done
done
done
done
done
constprop finishes, elapsed time: 0.00s
livevar starts ...
done
done
done
done
done
done
done
done
livevar finishes, elapsed time: 0.00s
deadcode starts ...
deadcode finishes, elapsed time: 0.00s
process-result starts ...
process-result finishes, elapsed time: 0.01s
Tai-e finishes, elapsed time: 1.43s
Tai-e starts ...
Writing options to output/options.yml
Writing analysis plan to output/tai-e-plan.yml
WorldBuilder starts ...
Warning: main class 'UnreachableIfBranch' does not have main(String[]) method!
9984 classes with 98543 methods in the world
WorldBuilder finishes, elapsed time: 1.44s
throw starts ...
1 classes in scope (app) of class analyses
3 methods in scope (app) of method analyses
throw finishes, elapsed time: 0.00s
cfg starts ...
cfg finishes, elapsed time: 0.00s
constprop starts ...
done
done
done
constprop finishes, elapsed time: 0.00s
livevar starts ...
done
done
done
livevar finishes, elapsed time: 0.00s
deadcode starts ...
deadcode finishes, elapsed time: 0.00s
process-result starts ...
process-result finishes, elapsed time: 0.00s
Tai-e finishes, elapsed time: 1.45s
]]></system-out>
  <system-err><![CDATA[]]></system-err>
</testsuite>
